<?xml version="1.0" encoding="UTF-8"?>
<testng-results skipped="0" failed="0" ignored="0" total="1" passed="1">
  <reporter-output>
  </reporter-output>
  <suite name="Parameterization Test Suite" duration-ms="12065" started-at="2019-07-09T05:56:39Z" finished-at="2019-07-09T05:56:51Z">
    <groups>
    </groups>
    <test name="Login Test Parameterization" duration-ms="12065" started-at="2019-07-09T05:56:39Z" finished-at="2019-07-09T05:56:51Z">
      <class name="com.parameters.ParameterTest">
        <test-method status="PASS" signature="loginTest(java.lang.String, java.lang.String, java.lang.String, java.lang.String)[pri:0, instance:com.parameters.ParameterTest@7c16905e]" name="loginTest" duration-ms="12026" started-at="2019-07-09T05:56:39Z" finished-at="2019-07-09T05:56:51Z">
          <params>
            <param index="0">
              <value>
                <![CDATA[chrome]]>
              </value>
            </param>
            <param index="1">
              <value>
                <![CDATA[https://www.facebook.com]]>
              </value>
            </param>
            <param index="2">
              <value>
                <![CDATA[alef215]]>
              </value>
            </param>
            <param index="3">
              <value>
                <![CDATA[alef215]]>
              </value>
            </param>
          </params>
          <reporter-output>
          </reporter-output>
        </test-method> <!-- loginTest -->
      </class> <!-- com.parameters.ParameterTest -->
    </test> <!-- Login Test Parameterization -->
  </suite> <!-- Parameterization Test Suite -->
</testng-results>
