<?xml version="1.0" encoding="UTF-8"?>
<!-- Generated by org.testng.reporters.JUnitXMLReporter -->
<testsuite hostname="LAPTOP-OFIJ2E99" ignored="0" name="Different testng features Tests" tests="27" failures="1" timestamp="09 Jul 2019 04:01:33 GMT" time="37.706" errors="0">
  <testcase name="exceptionsTest" time="0.016" classname="testngframework.ExpectedException"/>
  <testcase name="googleLogoTest" time="0.048" classname="testngframework.GoogleTitleTest"/>
  <testcase name="googleTitleTest" time="0.018" classname="testngframework.GoogleTitleTest">
    <failure type="java.lang.AssertionError" message="title is not matched expected [Google23] but found [Google]">
      <![CDATA[java.lang.AssertionError: title is not matched expected [Google23] but found [Google]
at testngframework.GoogleTitleTest.googleTitleTest(GoogleTitleTest.java:32)
... Removed 30 stack frames]]>
    </failure>
  </testcase> <!-- googleTitleTest -->
  <testcase name="swapingTest" time="0.004" classname="testngframework.InvocationCount"/>
  <testcase name="swapingTest" time="0.007" classname="testngframework.InvocationCount"/>
  <testcase name="swapingTest" time="0.003" classname="testngframework.InvocationCount"/>
  <testcase name="swapingTest" time="0.003" classname="testngframework.InvocationCount"/>
  <testcase name="swapingTest" time="0.003" classname="testngframework.InvocationCount"/>
  <testcase name="swapingTest" time="0.002" classname="testngframework.InvocationCount"/>
  <testcase name="swapingTest" time="0.003" classname="testngframework.InvocationCount"/>
  <testcase name="swapingTest" time="0.002" classname="testngframework.InvocationCount"/>
  <testcase name="swapingTest" time="0.004" classname="testngframework.InvocationCount"/>
  <testcase name="swapingTest" time="0.003" classname="testngframework.InvocationCount"/>
  <testcase name="swapingTest1" time="0.004" classname="testngframework.InvocationCount"/>
  <testcase name="swapingTest1" time="0.002" classname="testngframework.InvocationCount"/>
  <testcase name="swapingTest1" time="0.004" classname="testngframework.InvocationCount"/>
  <testcase name="swapingTest1" time="0.002" classname="testngframework.InvocationCount"/>
  <testcase name="swapingTest1" time="0.003" classname="testngframework.InvocationCount"/>
  <testcase name="swapingTest1" time="0.004" classname="testngframework.InvocationCount"/>
  <testcase name="swapingTest1" time="0.002" classname="testngframework.InvocationCount"/>
  <testcase name="swapingTest1" time="0.001" classname="testngframework.InvocationCount"/>
  <testcase name="swapingTest1" time="0.002" classname="testngframework.InvocationCount"/>
  <testcase name="swapingTest1" time="0.005" classname="testngframework.InvocationCount"/>
  <testcase name="test1" time="0.001" classname="testngframework.TestNGBasic"/>
  <testcase name="test2" time="0.005" classname="testngframework.TestNGBasic"/>
  <testcase name="test3" time="0.001" classname="testngframework.TestNGBasic"/>
  <testcase name="loginTest" time="0.003" classname="testngframework.TestNGFeatures"/>
</testsuite> <!-- Different testng features Tests -->
